2025-08-30 21:05:37,898 - INFO - MT5 initialized successfully
2025-08-30 21:05:37,898 - INFO - Added strategy: MA_Crossover_5min for 5min timeframe
2025-08-30 21:05:37,898 - INFO - Added strategy: RSI_Divergence_15min for 15min timeframe
2025-08-30 21:05:37,898 - INFO - Added strategy: MA_Crossover_1H for 60min timeframe
2025-08-30 21:05:37,898 - INFO - Added strategy: RSI_Divergence_4H for 240min timeframe
2025-08-30 21:05:37,898 - INFO - Starting Multi-Timeframe Trading Scheduler...
2025-08-30 21:05:37,898 - INFO - Scheduled MA_Crossover_5min to run every 5 minutes
2025-08-30 21:05:37,898 - INFO - Scheduled RSI_Divergence_15min to run every 15 minutes
2025-08-30 21:05:37,945 - INFO - Scheduled MA_Crossover_1H to run every 60 minutes
2025-08-30 21:05:37,947 - INFO - Scheduled RSI_Divergence_4H to run every 240 minutes
2025-08-30 21:05:37,949 - INFO - MA_Crossover_5min: Next execution at 2025-08-30 21:10:37.949447
2025-08-30 21:05:37,953 - INFO - RSI_Divergence_15min: Next execution at 2025-08-30 21:15:37.953469
2025-08-30 21:05:37,953 - INFO - MA_Crossover_1H: Next execution at 2025-08-30 22:00:37.953469
2025-08-30 21:05:37,956 - INFO - RSI_Divergence_4H: Next execution at 2025-08-31 00:00:37.956275
2025-08-30 21:05:38,968 - INFO - 5-minute candle closed - MA_Crossover_5min eligible to run
2025-08-30 21:05:39,970 - INFO - 5-minute candle closed - MA_Crossover_5min eligible to run
2025-08-30 21:05:40,972 - INFO - 5-minute candle closed - MA_Crossover_5min eligible to run
2025-08-30 21:05:41,974 - INFO - 5-minute candle closed - MA_Crossover_5min eligible to run
2025-08-30 21:05:42,974 - INFO - 5-minute candle closed - MA_Crossover_5min eligible to run
2025-08-30 21:05:43,976 - INFO - 5-minute candle closed - MA_Crossover_5min eligible to run
2025-08-30 21:05:44,977 - INFO - 5-minute candle closed - MA_Crossover_5min eligible to run
2025-08-30 21:05:45,996 - INFO - 5-minute candle closed - MA_Crossover_5min eligible to run
2025-08-30 21:05:47,018 - INFO - 5-minute candle closed - MA_Crossover_5min eligible to run
2025-08-30 21:05:48,018 - INFO - 5-minute candle closed - MA_Crossover_5min eligible to run
2025-08-30 21:05:49,019 - INFO - 5-minute candle closed - MA_Crossover_5min eligible to run
2025-08-30 21:05:50,020 - INFO - 5-minute candle closed - MA_Crossover_5min eligible to run
2025-08-30 21:05:51,021 - INFO - 5-minute candle closed - MA_Crossover_5min eligible to run
2025-08-30 21:05:52,021 - INFO - 5-minute candle closed - MA_Crossover_5min eligible to run
2025-08-30 21:05:53,022 - INFO - 5-minute candle closed - MA_Crossover_5min eligible to run
2025-08-30 21:05:54,024 - INFO - 5-minute candle closed - MA_Crossover_5min eligible to run
2025-08-30 21:05:55,025 - INFO - 5-minute candle closed - MA_Crossover_5min eligible to run
2025-08-30 21:05:56,026 - INFO - 5-minute candle closed - MA_Crossover_5min eligible to run
2025-08-30 21:05:57,027 - INFO - 5-minute candle closed - MA_Crossover_5min eligible to run
2025-08-30 21:05:58,027 - INFO - 5-minute candle closed - MA_Crossover_5min eligible to run
2025-08-30 21:05:59,028 - INFO - 5-minute candle closed - MA_Crossover_5min eligible to run
2025-08-30 21:10:00,268 - INFO - 5-minute candle closed - MA_Crossover_5min eligible to run
2025-08-30 21:10:01,277 - INFO - 5-minute candle closed - MA_Crossover_5min eligible to run
2025-08-30 21:10:02,281 - INFO - 5-minute candle closed - MA_Crossover_5min eligible to run
2025-08-30 21:10:03,284 - INFO - 5-minute candle closed - MA_Crossover_5min eligible to run
2025-08-30 21:10:04,286 - INFO - 5-minute candle closed - MA_Crossover_5min eligible to run
2025-08-30 21:10:05,287 - INFO - 5-minute candle closed - MA_Crossover_5min eligible to run
2025-08-30 21:10:06,289 - INFO - 5-minute candle closed - MA_Crossover_5min eligible to run
2025-08-30 21:10:07,289 - INFO - 5-minute candle closed - MA_Crossover_5min eligible to run
2025-08-30 21:10:08,291 - INFO - 5-minute candle closed - MA_Crossover_5min eligible to run
2025-08-30 21:10:09,293 - INFO - 5-minute candle closed - MA_Crossover_5min eligible to run
2025-08-30 21:10:10,303 - INFO - 5-minute candle closed - MA_Crossover_5min eligible to run
2025-08-30 21:10:11,305 - INFO - 5-minute candle closed - MA_Crossover_5min eligible to run
2025-08-30 21:10:12,334 - INFO - 5-minute candle closed - MA_Crossover_5min eligible to run
2025-08-30 21:10:13,335 - INFO - 5-minute candle closed - MA_Crossover_5min eligible to run
2025-08-30 21:10:14,336 - INFO - 5-minute candle closed - MA_Crossover_5min eligible to run
2025-08-30 21:10:15,338 - INFO - 5-minute candle closed - MA_Crossover_5min eligible to run
2025-08-30 21:10:16,340 - INFO - 5-minute candle closed - MA_Crossover_5min eligible to run
2025-08-30 21:10:17,341 - INFO - 5-minute candle closed - MA_Crossover_5min eligible to run
2025-08-30 21:10:18,343 - INFO - 5-minute candle closed - MA_Crossover_5min eligible to run
2025-08-30 21:10:19,343 - INFO - 5-minute candle closed - MA_Crossover_5min eligible to run
2025-08-30 21:10:20,345 - INFO - 5-minute candle closed - MA_Crossover_5min eligible to run
2025-08-30 21:10:21,348 - INFO - 5-minute candle closed - MA_Crossover_5min eligible to run
2025-08-30 21:10:22,350 - INFO - 5-minute candle closed - MA_Crossover_5min eligible to run
2025-08-30 21:10:23,351 - INFO - 5-minute candle closed - MA_Crossover_5min eligible to run
2025-08-30 21:10:24,352 - INFO - 5-minute candle closed - MA_Crossover_5min eligible to run
2025-08-30 21:10:25,353 - INFO - 5-minute candle closed - MA_Crossover_5min eligible to run
2025-08-30 21:10:26,355 - INFO - 5-minute candle closed - MA_Crossover_5min eligible to run
2025-08-30 21:10:27,356 - INFO - 5-minute candle closed - MA_Crossover_5min eligible to run
2025-08-30 21:10:28,360 - INFO - 5-minute candle closed - MA_Crossover_5min eligible to run
2025-08-30 21:10:29,363 - INFO - 5-minute candle closed - MA_Crossover_5min eligible to run
2025-08-30 21:10:30,379 - INFO - 5-minute candle closed - MA_Crossover_5min eligible to run
2025-08-30 21:10:31,405 - INFO - 5-minute candle closed - MA_Crossover_5min eligible to run
2025-08-30 21:10:32,408 - INFO - 5-minute candle closed - MA_Crossover_5min eligible to run
2025-08-30 21:10:33,410 - INFO - 5-minute candle closed - MA_Crossover_5min eligible to run
2025-08-30 21:10:34,411 - INFO - 5-minute candle closed - MA_Crossover_5min eligible to run
2025-08-30 21:10:35,412 - INFO - 5-minute candle closed - MA_Crossover_5min eligible to run
2025-08-30 21:10:36,414 - INFO - 5-minute candle closed - MA_Crossover_5min eligible to run
2025-08-30 21:10:37,420 - INFO - 5-minute candle closed - MA_Crossover_5min eligible to run
2025-08-30 21:10:38,439 - INFO - 5-minute candle closed - MA_Crossover_5min eligible to run
2025-08-30 21:10:38,439 - INFO - MA_Crossover_5min: Running on 5-minute timeframe
2025-08-30 21:10:38,450 - INFO - Trade logged: ERROR for XAUUSD
2025-08-30 21:10:38,450 - WARNING - MA_Crossover_5min - XAUUSD: ERROR - Strategy error: name 'get_data' is not defined
2025-08-30 21:10:38,452 - INFO - Trade logged: ERROR for EURUSD
2025-08-30 21:10:38,452 - WARNING - MA_Crossover_5min - EURUSD: ERROR - Strategy error: name 'get_data' is not defined
2025-08-30 21:10:38,474 - INFO - Trade logged: ERROR for GBPUSD
2025-08-30 21:10:38,478 - WARNING - MA_Crossover_5min - GBPUSD: ERROR - Strategy error: name 'get_data' is not defined
2025-08-30 21:10:39,480 - INFO - 5-minute candle closed - MA_Crossover_5min eligible to run
2025-08-30 21:10:40,482 - INFO - 5-minute candle closed - MA_Crossover_5min eligible to run
2025-08-30 21:10:41,483 - INFO - 5-minute candle closed - MA_Crossover_5min eligible to run
2025-08-30 21:10:42,484 - INFO - 5-minute candle closed - MA_Crossover_5min eligible to run
2025-08-30 21:10:43,485 - INFO - 5-minute candle closed - MA_Crossover_5min eligible to run
2025-08-30 21:10:44,486 - INFO - 5-minute candle closed - MA_Crossover_5min eligible to run
2025-08-30 21:10:45,487 - INFO - 5-minute candle closed - MA_Crossover_5min eligible to run
2025-08-30 21:10:46,488 - INFO - 5-minute candle closed - MA_Crossover_5min eligible to run
2025-08-30 21:10:47,500 - INFO - 5-minute candle closed - MA_Crossover_5min eligible to run
2025-08-30 21:10:48,501 - INFO - 5-minute candle closed - MA_Crossover_5min eligible to run
2025-08-30 21:10:49,502 - INFO - 5-minute candle closed - MA_Crossover_5min eligible to run
2025-08-30 21:10:50,503 - INFO - 5-minute candle closed - MA_Crossover_5min eligible to run
2025-08-30 21:10:51,504 - INFO - 5-minute candle closed - MA_Crossover_5min eligible to run
2025-08-30 21:10:52,504 - INFO - 5-minute candle closed - MA_Crossover_5min eligible to run
2025-08-30 21:10:53,506 - INFO - 5-minute candle closed - MA_Crossover_5min eligible to run
2025-08-30 21:10:54,508 - INFO - 5-minute candle closed - MA_Crossover_5min eligible to run
2025-08-30 21:10:55,509 - INFO - 5-minute candle closed - MA_Crossover_5min eligible to run
2025-08-30 21:10:56,511 - INFO - 5-minute candle closed - MA_Crossover_5min eligible to run
2025-08-30 21:10:57,512 - INFO - 5-minute candle closed - MA_Crossover_5min eligible to run
2025-08-30 21:10:58,513 - INFO - 5-minute candle closed - MA_Crossover_5min eligible to run
2025-08-30 21:10:59,514 - INFO - 5-minute candle closed - MA_Crossover_5min eligible to run
2025-08-30 21:15:00,715 - INFO - 5-minute candle closed - MA_Crossover_5min eligible to run
2025-08-30 21:15:00,716 - INFO - 15-minute candle closed - RSI_Divergence_15min eligible to run
2025-08-30 21:15:01,718 - INFO - 5-minute candle closed - MA_Crossover_5min eligible to run
2025-08-30 21:15:01,719 - INFO - 15-minute candle closed - RSI_Divergence_15min eligible to run
2025-08-30 21:15:02,722 - INFO - 5-minute candle closed - MA_Crossover_5min eligible to run
2025-08-30 21:15:02,723 - INFO - 15-minute candle closed - RSI_Divergence_15min eligible to run
2025-08-30 21:15:03,724 - INFO - 5-minute candle closed - MA_Crossover_5min eligible to run
2025-08-30 21:15:03,724 - INFO - 15-minute candle closed - RSI_Divergence_15min eligible to run
2025-08-30 21:15:04,728 - INFO - 5-minute candle closed - MA_Crossover_5min eligible to run
2025-08-30 21:15:04,734 - INFO - 15-minute candle closed - RSI_Divergence_15min eligible to run
2025-08-30 21:15:05,736 - INFO - 5-minute candle closed - MA_Crossover_5min eligible to run
2025-08-30 21:15:05,737 - INFO - 15-minute candle closed - RSI_Divergence_15min eligible to run
2025-08-30 21:15:06,738 - INFO - 5-minute candle closed - MA_Crossover_5min eligible to run
2025-08-30 21:15:06,739 - INFO - 15-minute candle closed - RSI_Divergence_15min eligible to run
2025-08-30 21:15:07,742 - INFO - 5-minute candle closed - MA_Crossover_5min eligible to run
2025-08-30 21:15:07,742 - INFO - 15-minute candle closed - RSI_Divergence_15min eligible to run
2025-08-30 21:15:08,744 - INFO - 5-minute candle closed - MA_Crossover_5min eligible to run
2025-08-30 21:15:08,745 - INFO - 15-minute candle closed - RSI_Divergence_15min eligible to run
2025-08-30 21:15:09,747 - INFO - 5-minute candle closed - MA_Crossover_5min eligible to run
2025-08-30 21:15:09,748 - INFO - 15-minute candle closed - RSI_Divergence_15min eligible to run
2025-08-30 21:15:10,749 - INFO - 5-minute candle closed - MA_Crossover_5min eligible to run
2025-08-30 21:15:10,749 - INFO - 15-minute candle closed - RSI_Divergence_15min eligible to run
2025-08-30 21:15:11,752 - INFO - 5-minute candle closed - MA_Crossover_5min eligible to run
2025-08-30 21:15:11,753 - INFO - 15-minute candle closed - RSI_Divergence_15min eligible to run
2025-08-30 21:15:12,756 - INFO - 5-minute candle closed - MA_Crossover_5min eligible to run
2025-08-30 21:15:12,756 - INFO - 15-minute candle closed - RSI_Divergence_15min eligible to run
2025-08-30 21:15:13,758 - INFO - 5-minute candle closed - MA_Crossover_5min eligible to run
2025-08-30 21:15:13,758 - INFO - 15-minute candle closed - RSI_Divergence_15min eligible to run
2025-08-30 21:15:14,760 - INFO - 5-minute candle closed - MA_Crossover_5min eligible to run
2025-08-30 21:15:14,761 - INFO - 15-minute candle closed - RSI_Divergence_15min eligible to run
2025-08-30 21:15:15,763 - INFO - 5-minute candle closed - MA_Crossover_5min eligible to run
2025-08-30 21:15:15,763 - INFO - 15-minute candle closed - RSI_Divergence_15min eligible to run
2025-08-30 21:15:16,766 - INFO - 5-minute candle closed - MA_Crossover_5min eligible to run
2025-08-30 21:15:16,767 - INFO - 15-minute candle closed - RSI_Divergence_15min eligible to run
2025-08-30 21:15:17,769 - INFO - 5-minute candle closed - MA_Crossover_5min eligible to run
2025-08-30 21:15:17,770 - INFO - 15-minute candle closed - RSI_Divergence_15min eligible to run
2025-08-30 21:15:18,772 - INFO - 5-minute candle closed - MA_Crossover_5min eligible to run
2025-08-30 21:15:18,773 - INFO - 15-minute candle closed - RSI_Divergence_15min eligible to run
2025-08-30 21:15:19,774 - INFO - 5-minute candle closed - MA_Crossover_5min eligible to run
2025-08-30 21:15:19,774 - INFO - 15-minute candle closed - RSI_Divergence_15min eligible to run
2025-08-30 21:15:20,777 - INFO - 5-minute candle closed - MA_Crossover_5min eligible to run
2025-08-30 21:15:20,778 - INFO - 15-minute candle closed - RSI_Divergence_15min eligible to run
2025-08-30 21:15:21,783 - INFO - 5-minute candle closed - MA_Crossover_5min eligible to run
2025-08-30 21:15:21,783 - INFO - 15-minute candle closed - RSI_Divergence_15min eligible to run
2025-08-30 21:15:22,784 - INFO - 5-minute candle closed - MA_Crossover_5min eligible to run
2025-08-30 21:15:22,784 - INFO - 15-minute candle closed - RSI_Divergence_15min eligible to run
2025-08-30 21:15:23,785 - INFO - 5-minute candle closed - MA_Crossover_5min eligible to run
2025-08-30 21:15:23,785 - INFO - 15-minute candle closed - RSI_Divergence_15min eligible to run
2025-08-30 21:15:24,787 - INFO - 5-minute candle closed - MA_Crossover_5min eligible to run
2025-08-30 21:15:24,787 - INFO - 15-minute candle closed - RSI_Divergence_15min eligible to run
2025-08-30 21:15:25,788 - INFO - 5-minute candle closed - MA_Crossover_5min eligible to run
2025-08-30 21:15:25,788 - INFO - 15-minute candle closed - RSI_Divergence_15min eligible to run
2025-08-30 21:15:26,789 - INFO - 5-minute candle closed - MA_Crossover_5min eligible to run
2025-08-30 21:15:26,789 - INFO - 15-minute candle closed - RSI_Divergence_15min eligible to run
2025-08-30 21:15:27,791 - INFO - 5-minute candle closed - MA_Crossover_5min eligible to run
2025-08-30 21:15:27,791 - INFO - 15-minute candle closed - RSI_Divergence_15min eligible to run
2025-08-30 21:15:28,793 - INFO - 5-minute candle closed - MA_Crossover_5min eligible to run
2025-08-30 21:15:28,793 - INFO - 15-minute candle closed - RSI_Divergence_15min eligible to run
2025-08-30 21:15:29,795 - INFO - 5-minute candle closed - MA_Crossover_5min eligible to run
2025-08-30 21:15:29,795 - INFO - 15-minute candle closed - RSI_Divergence_15min eligible to run
2025-08-30 21:15:30,797 - INFO - 5-minute candle closed - MA_Crossover_5min eligible to run
2025-08-30 21:15:30,797 - INFO - 15-minute candle closed - RSI_Divergence_15min eligible to run
2025-08-30 21:15:31,798 - INFO - 5-minute candle closed - MA_Crossover_5min eligible to run
2025-08-30 21:15:31,798 - INFO - 15-minute candle closed - RSI_Divergence_15min eligible to run
2025-08-30 21:15:32,800 - INFO - 5-minute candle closed - MA_Crossover_5min eligible to run
2025-08-30 21:15:32,800 - INFO - 15-minute candle closed - RSI_Divergence_15min eligible to run
2025-08-30 21:15:33,801 - INFO - 5-minute candle closed - MA_Crossover_5min eligible to run
2025-08-30 21:15:33,801 - INFO - 15-minute candle closed - RSI_Divergence_15min eligible to run
2025-08-30 21:15:34,802 - INFO - 5-minute candle closed - MA_Crossover_5min eligible to run
2025-08-30 21:15:34,803 - INFO - 15-minute candle closed - RSI_Divergence_15min eligible to run
2025-08-30 21:15:35,805 - INFO - 5-minute candle closed - MA_Crossover_5min eligible to run
2025-08-30 21:15:35,805 - INFO - 15-minute candle closed - RSI_Divergence_15min eligible to run
2025-08-30 21:15:36,807 - INFO - 5-minute candle closed - MA_Crossover_5min eligible to run
2025-08-30 21:15:36,807 - INFO - 15-minute candle closed - RSI_Divergence_15min eligible to run
2025-08-30 21:15:37,808 - INFO - 5-minute candle closed - MA_Crossover_5min eligible to run
2025-08-30 21:15:37,808 - INFO - 15-minute candle closed - RSI_Divergence_15min eligible to run
2025-08-30 21:15:38,810 - INFO - 5-minute candle closed - MA_Crossover_5min eligible to run
2025-08-30 21:15:38,811 - INFO - 15-minute candle closed - RSI_Divergence_15min eligible to run
2025-08-30 21:15:38,811 - INFO - MA_Crossover_5min: Running on 5-minute timeframe
2025-08-30 21:15:38,827 - INFO - Trade logged: ERROR for XAUUSD
2025-08-30 21:15:38,846 - WARNING - MA_Crossover_5min - XAUUSD: ERROR - Strategy error: name 'get_data' is not defined
2025-08-30 21:15:38,861 - INFO - Trade logged: ERROR for EURUSD
2025-08-30 21:15:38,872 - WARNING - MA_Crossover_5min - EURUSD: ERROR - Strategy error: name 'get_data' is not defined
2025-08-30 21:15:38,880 - INFO - Trade logged: ERROR for GBPUSD
2025-08-30 21:15:38,880 - WARNING - MA_Crossover_5min - GBPUSD: ERROR - Strategy error: name 'get_data' is not defined
2025-08-30 21:15:39,883 - INFO - 5-minute candle closed - MA_Crossover_5min eligible to run
2025-08-30 21:15:39,883 - INFO - 15-minute candle closed - RSI_Divergence_15min eligible to run
2025-08-30 21:15:40,885 - INFO - 5-minute candle closed - MA_Crossover_5min eligible to run
2025-08-30 21:15:40,885 - INFO - 15-minute candle closed - RSI_Divergence_15min eligible to run
2025-08-30 21:15:41,888 - INFO - 5-minute candle closed - MA_Crossover_5min eligible to run
2025-08-30 21:15:41,902 - INFO - 15-minute candle closed - RSI_Divergence_15min eligible to run
2025-08-30 21:15:42,904 - INFO - 5-minute candle closed - MA_Crossover_5min eligible to run
2025-08-30 21:15:42,904 - INFO - 15-minute candle closed - RSI_Divergence_15min eligible to run
2025-08-30 21:15:43,906 - INFO - 5-minute candle closed - MA_Crossover_5min eligible to run
2025-08-30 21:15:43,908 - INFO - 15-minute candle closed - RSI_Divergence_15min eligible to run
2025-08-30 21:15:44,909 - INFO - 5-minute candle closed - MA_Crossover_5min eligible to run
2025-08-30 21:15:44,910 - INFO - 15-minute candle closed - RSI_Divergence_15min eligible to run
2025-08-30 21:15:45,912 - INFO - 5-minute candle closed - MA_Crossover_5min eligible to run
2025-08-30 21:15:45,912 - INFO - 15-minute candle closed - RSI_Divergence_15min eligible to run
2025-08-30 21:15:46,913 - INFO - 5-minute candle closed - MA_Crossover_5min eligible to run
2025-08-30 21:15:46,914 - INFO - 15-minute candle closed - RSI_Divergence_15min eligible to run
2025-08-30 21:15:47,915 - INFO - 5-minute candle closed - MA_Crossover_5min eligible to run
2025-08-30 21:15:47,915 - INFO - 15-minute candle closed - RSI_Divergence_15min eligible to run
2025-08-30 21:15:48,942 - INFO - 5-minute candle closed - MA_Crossover_5min eligible to run
2025-08-30 21:15:48,948 - INFO - 15-minute candle closed - RSI_Divergence_15min eligible to run
2025-08-30 21:15:49,952 - INFO - 5-minute candle closed - MA_Crossover_5min eligible to run
2025-08-30 21:15:49,952 - INFO - 15-minute candle closed - RSI_Divergence_15min eligible to run
2025-08-30 21:15:50,953 - INFO - 5-minute candle closed - MA_Crossover_5min eligible to run
2025-08-30 21:15:50,953 - INFO - 15-minute candle closed - RSI_Divergence_15min eligible to run
2025-08-30 21:15:51,956 - INFO - 5-minute candle closed - MA_Crossover_5min eligible to run
2025-08-30 21:15:51,960 - INFO - 15-minute candle closed - RSI_Divergence_15min eligible to run
2025-08-30 21:15:52,965 - INFO - 5-minute candle closed - MA_Crossover_5min eligible to run
2025-08-30 21:15:52,972 - INFO - 15-minute candle closed - RSI_Divergence_15min eligible to run
2025-08-30 21:15:53,974 - INFO - 5-minute candle closed - MA_Crossover_5min eligible to run
2025-08-30 21:15:53,974 - INFO - 15-minute candle closed - RSI_Divergence_15min eligible to run
2025-08-30 21:15:54,975 - INFO - 5-minute candle closed - MA_Crossover_5min eligible to run
2025-08-30 21:15:54,975 - INFO - 15-minute candle closed - RSI_Divergence_15min eligible to run
2025-08-30 21:15:55,978 - INFO - 5-minute candle closed - MA_Crossover_5min eligible to run
2025-08-30 21:15:55,978 - INFO - 15-minute candle closed - RSI_Divergence_15min eligible to run
2025-08-30 21:15:56,979 - INFO - 5-minute candle closed - MA_Crossover_5min eligible to run
2025-08-30 21:15:56,980 - INFO - 15-minute candle closed - RSI_Divergence_15min eligible to run
2025-08-30 21:15:57,984 - INFO - 5-minute candle closed - MA_Crossover_5min eligible to run
2025-08-30 21:15:57,985 - INFO - 15-minute candle closed - RSI_Divergence_15min eligible to run
2025-08-30 21:15:58,986 - INFO - 5-minute candle closed - MA_Crossover_5min eligible to run
2025-08-30 21:15:58,986 - INFO - 15-minute candle closed - RSI_Divergence_15min eligible to run
2025-08-30 21:15:59,987 - INFO - 5-minute candle closed - MA_Crossover_5min eligible to run
2025-08-30 21:15:59,987 - INFO - 15-minute candle closed - RSI_Divergence_15min eligible to run
2025-08-30 21:17:06,503 - INFO - Scheduler stopped by user
2025-08-30 21:17:06,505 - INFO - Scheduler shutdown complete
2025-08-30 21:17:06,505 - INFO - Stopping scheduler...
2025-08-30 21:17:06,507 - INFO - MT5 connection closed
2025-08-30 22:16:01,910 - INFO - MT5 initialized successfully
2025-08-30 22:16:01,915 - INFO - Added strategy: MA_Crossover_5min for 5min timeframe
2025-08-30 22:16:01,915 - INFO - Added strategy: RSI_Divergence_15min for 5min timeframe
2025-08-30 22:16:01,915 - INFO - Added strategy: MA_Crossover_1H for 60min timeframe
2025-08-30 22:16:01,915 - INFO - Added strategy: RSI_Divergence_4H for 240min timeframe
2025-08-30 22:16:01,915 - INFO - Starting Multi-Timeframe Trading Scheduler...
2025-08-30 22:16:01,915 - INFO - MA_Crossover_5min: Next execution at 2025-08-30 22:20:01.915795
2025-08-30 22:16:01,915 - INFO - RSI_Divergence_15min: Next execution at 2025-08-30 22:20:01.915795
2025-08-30 22:16:01,915 - INFO - MA_Crossover_1H: Next execution at 2025-08-30 23:00:01.915795
2025-08-30 22:16:01,915 - INFO - RSI_Divergence_4H: Next execution at 2025-08-31 00:00:01.915795
2025-08-30 22:16:01,915 - INFO - === MAIN LOOP STARTED ===
2025-08-30 22:16:08,818 - INFO - Scheduler stopped by user
2025-08-30 22:16:08,818 - INFO - Scheduler shutdown complete
2025-08-30 22:16:08,818 - INFO - Stopping scheduler...
2025-08-30 22:16:08,818 - INFO - MT5 connection closed
2025-08-30 22:18:31,408 - INFO - MT5 initialized successfully
2025-08-30 22:18:31,410 - INFO - Added strategy: MA_Crossover_5min for 5min timeframe
2025-08-30 22:18:31,411 - INFO - Added strategy: RSI_Divergence_15min for 15min timeframe
2025-08-30 22:18:31,411 - INFO - Added strategy: RSI_Divergence_5min for 5min timeframe
2025-08-30 22:18:31,411 - INFO - Added strategy: MA_Crossover_1H for 60min timeframe
2025-08-30 22:18:31,411 - INFO - Added strategy: RSI_Divergence_4H for 240min timeframe
2025-08-30 22:18:31,411 - INFO - Starting Multi-Timeframe Trading Scheduler...
2025-08-30 22:18:31,411 - INFO - MA_Crossover_5min: Next execution at 2025-08-30 22:20:31.411374
2025-08-30 22:18:31,411 - INFO - RSI_Divergence_15min: Next execution at 2025-08-30 22:30:31.411374
2025-08-30 22:18:31,411 - INFO - RSI_Divergence_5min: Next execution at 2025-08-30 22:20:31.411374
2025-08-30 22:18:31,411 - INFO - MA_Crossover_1H: Next execution at 2025-08-30 23:00:31.411374
2025-08-30 22:18:31,411 - INFO - RSI_Divergence_4H: Next execution at 2025-08-31 00:00:31.411374
2025-08-30 22:18:31,411 - INFO - === MAIN LOOP STARTED ===
2025-08-30 22:18:41,417 - INFO - === Scheduler loop running at 2025-08-30 22:18:40.417130 ===
2025-08-30 22:18:51,428 - INFO - === Scheduler loop running at 2025-08-30 22:18:50.427294 ===
2025-08-30 22:19:01,436 - INFO - === Scheduler loop running at 2025-08-30 22:19:00.436416 ===
2025-08-30 22:19:11,441 - INFO - === Scheduler loop running at 2025-08-30 22:19:10.440957 ===
2025-08-30 22:19:20,361 - INFO - Scheduler stopped by user
2025-08-30 22:19:20,361 - INFO - Scheduler shutdown complete
2025-08-30 22:19:20,361 - INFO - Stopping scheduler...
2025-08-30 22:19:20,361 - INFO - MT5 connection closed
2025-08-30 22:19:25,434 - INFO - MT5 initialized successfully
2025-08-30 22:19:25,434 - INFO - Added strategy: MA_Crossover_5min for 5min timeframe
2025-08-30 22:19:25,434 - INFO - Added strategy: RSI_Divergence_15min for 15min timeframe
2025-08-30 22:19:25,434 - INFO - Added strategy: RSI_Divergence_5min for 5min timeframe
2025-08-30 22:19:25,434 - INFO - Added strategy: MA_Crossover_1H for 60min timeframe
2025-08-30 22:19:25,434 - INFO - Added strategy: RSI_Divergence_4H for 240min timeframe
2025-08-30 22:19:25,434 - INFO - Starting Multi-Timeframe Trading Scheduler...
2025-08-30 22:19:25,434 - INFO - MA_Crossover_5min: Next execution at 2025-08-30 22:20:25.434391
2025-08-30 22:19:25,434 - INFO - RSI_Divergence_15min: Next execution at 2025-08-30 22:30:25.434391
2025-08-30 22:19:25,434 - INFO - RSI_Divergence_5min: Next execution at 2025-08-30 22:20:25.434391
2025-08-30 22:19:25,434 - INFO - MA_Crossover_1H: Next execution at 2025-08-30 23:00:25.434391
2025-08-30 22:19:25,434 - INFO - RSI_Divergence_4H: Next execution at 2025-08-31 00:00:25.434391
2025-08-30 22:19:25,434 - INFO - === MAIN LOOP STARTED ===
2025-08-30 22:19:31,443 - INFO - === Scheduler loop running at 2025-08-30 22:19:30.442897 ===
2025-08-30 22:19:41,449 - INFO - === Scheduler loop running at 2025-08-30 22:19:40.449661 ===
2025-08-30 22:19:51,454 - INFO - === Scheduler loop running at 2025-08-30 22:19:50.454270 ===
2025-08-30 22:20:01,458 - INFO - === Scheduler loop running at 2025-08-30 22:20:00.458512 ===
2025-08-30 22:20:11,464 - INFO - === Scheduler loop running at 2025-08-30 22:20:10.463357 ===
2025-08-30 22:20:21,481 - INFO - === Scheduler loop running at 2025-08-30 22:20:20.481526 ===
2025-08-30 22:20:25,487 - INFO - === TRIGGERING MA_Crossover_5min at 2025-08-30 22:20:25.487172 ===
2025-08-30 22:20:25,490 - INFO - === MA_Crossover_5min: FUNCTION CALLED ===
2025-08-30 22:20:25,491 - INFO - === MA_Crossover_5min: Checking candle closure for 5min timeframe ===
2025-08-30 22:20:25,491 - INFO - *** MA_Crossover_5min: EXECUTING on 5-minute timeframe at 2025-08-30 22:20:25.491776 ***
2025-08-30 22:20:25,521 - INFO - Trade logged: HOLD for XAUUSD
2025-08-30 22:20:25,521 - INFO - MA_Crossover_5min - XAUUSD: HOLD - No crossover - BULLISH trend continues
2025-08-30 22:20:25,539 - INFO - Trade logged: HOLD for EURUSD
2025-08-30 22:20:25,539 - INFO - MA_Crossover_5min - EURUSD: HOLD - No crossover - BEARISH trend continues
2025-08-30 22:20:25,557 - INFO - Trade logged: HOLD for GBPUSD
2025-08-30 22:20:25,559 - INFO - MA_Crossover_5min - GBPUSD: HOLD - No crossover - BEARISH trend continues
2025-08-30 22:20:25,559 - INFO - MA_Crossover_5min: Next execution scheduled for 2025-08-30 22:25:25.559685
2025-08-30 22:20:25,560 - INFO - === TRIGGERING RSI_Divergence_5min at 2025-08-30 22:20:25.487172 ===
2025-08-30 22:20:25,560 - INFO - === RSI_Divergence_5min: FUNCTION CALLED ===
2025-08-30 22:20:25,560 - INFO - === RSI_Divergence_5min: Checking candle closure for 5min timeframe ===
2025-08-30 22:20:25,560 - INFO - *** RSI_Divergence_5min: EXECUTING on 5-minute timeframe at 2025-08-30 22:20:25.560691 ***
2025-08-30 22:20:25,583 - INFO - Trade logged: BUY for EURUSD
2025-08-30 22:20:25,583 - INFO - RSI_Divergence_5min - EURUSD: BUY - Oversold condition - RSI: 20.00
2025-08-30 22:20:25,584 - INFO - RSI_Divergence_5min: Next execution scheduled for 2025-08-30 22:25:25.583687
2025-08-30 22:20:31,588 - INFO - === Scheduler loop running at 2025-08-30 22:20:30.587443 ===
2025-08-30 22:20:41,596 - INFO - === Scheduler loop running at 2025-08-30 22:20:40.595499 ===
2025-08-30 22:20:51,602 - INFO - === Scheduler loop running at 2025-08-30 22:20:50.601603 ===
2025-08-30 22:21:01,608 - INFO - === Scheduler loop running at 2025-08-30 22:21:00.608323 ===
2025-08-30 22:21:11,615 - INFO - === Scheduler loop running at 2025-08-30 22:21:10.614610 ===
2025-08-30 22:21:21,623 - INFO - === Scheduler loop running at 2025-08-30 22:21:20.622985 ===
2025-08-30 22:21:31,628 - INFO - === Scheduler loop running at 2025-08-30 22:21:30.627896 ===
2025-08-30 22:21:41,634 - INFO - === Scheduler loop running at 2025-08-30 22:21:40.633585 ===
2025-08-30 22:21:51,641 - INFO - === Scheduler loop running at 2025-08-30 22:21:50.641164 ===
2025-08-30 22:22:01,647 - INFO - === Scheduler loop running at 2025-08-30 22:22:00.646856 ===
2025-08-30 22:22:06,784 - INFO - Scheduler stopped by user
2025-08-30 22:22:06,787 - INFO - Scheduler shutdown complete
2025-08-30 22:22:06,787 - INFO - Stopping scheduler...
2025-08-30 22:22:06,788 - INFO - MT5 connection closed
